{
  "stats": {
    "suites": 1,
    "tests": 4,
    "passes": 4,
    "pending": 0,
    "failures": 0,
    "start": "2023-03-03T13:08:25.823Z",
    "end": "2023-03-03T13:10:03.982Z",
    "duration": 98159,
    "testsRegistered": 4,
    "passPercent": 100,
    "pendingPercent": 0,
    "other": 0,
    "hasOther": false,
    "skipped": 0,
    "hasSkipped": false
  },
  "results": [
    {
      "uuid": "48e75867-ca77-47b8-b818-32d38f554f44",
      "title": "",
      "fullFile": "cypress/e2e/frontend/contacts.cy.js",
      "file": "cypress/e2e/frontend/contacts.cy.js",
      "beforeHooks": [],
      "afterHooks": [],
      "tests": [],
      "suites": [
        {
          "uuid": "30920ee1-38c9-40e6-a193-e08114aa8029",
          "title": "CRUD Clientes",
          "fullFile": "",
          "file": "",
          "beforeHooks": [],
          "afterHooks": [],
          "tests": [
            {
              "title": "Validar cadastro de um cliente",
              "fullTitle": "CRUD Clientes Validar cadastro de um cliente",
              "timedOut": null,
              "duration": 35051,
              "state": "passed",
              "speed": "slow",
              "pass": true,
              "fail": false,
              "pending": false,
              "context": null,
              "code": "_contact.default.listarClientes();\n_contact.default.cadastrarCliente();\n_contact.default.validarCliente(nomeCliente);",
              "err": {},
              "uuid": "bcc0fe4d-d312-4782-bd64-508c2877ce40",
              "parentUUID": "30920ee1-38c9-40e6-a193-e08114aa8029",
              "isHook": false,
              "skipped": false
            },
            {
              "title": "Validar listagem de clientes",
              "fullTitle": "CRUD Clientes Validar listagem de clientes",
              "timedOut": null,
              "duration": 17726,
              "state": "passed",
              "speed": "slow",
              "pass": true,
              "fail": false,
              "pending": false,
              "context": null,
              "code": "_contact.default.listarClientes();",
              "err": {},
              "uuid": "0d619014-e635-4363-89ef-4162c7cb3a68",
              "parentUUID": "30920ee1-38c9-40e6-a193-e08114aa8029",
              "isHook": false,
              "skipped": false
            },
            {
              "title": "Validar edição de um cliente",
              "fullTitle": "CRUD Clientes Validar edição de um cliente",
              "timedOut": null,
              "duration": 23926,
              "state": "passed",
              "speed": "slow",
              "pass": true,
              "fail": false,
              "pending": false,
              "context": null,
              "code": "_contact.default.listarClientes();\n_contact.default.editarCliente();\n_contact.default.validarCliente(nomeNovoCliente);",
              "err": {},
              "uuid": "5dda5760-1d10-4613-9551-51f45374ba6e",
              "parentUUID": "30920ee1-38c9-40e6-a193-e08114aa8029",
              "isHook": false,
              "skipped": false
            },
            {
              "title": "Validar exclusão de um cliente",
              "fullTitle": "CRUD Clientes Validar exclusão de um cliente",
              "timedOut": null,
              "duration": 21045,
              "state": "passed",
              "speed": "slow",
              "pass": true,
              "fail": false,
              "pending": false,
              "context": null,
              "code": "_contact.default.listarClientes();\n_contact.default.excluirCliente();\n_contact.default.validarExclusaoCliente();",
              "err": {},
              "uuid": "2c7e355a-a2fd-4aae-aeaa-02cd419f30b1",
              "parentUUID": "30920ee1-38c9-40e6-a193-e08114aa8029",
              "isHook": false,
              "skipped": false
            }
          ],
          "suites": [],
          "passes": [
            "bcc0fe4d-d312-4782-bd64-508c2877ce40",
            "0d619014-e635-4363-89ef-4162c7cb3a68",
            "5dda5760-1d10-4613-9551-51f45374ba6e",
            "2c7e355a-a2fd-4aae-aeaa-02cd419f30b1"
          ],
          "failures": [],
          "pending": [],
          "skipped": [],
          "duration": 97748,
          "root": false,
          "rootEmpty": false,
          "_timeout": 2000
        }
      ],
      "passes": [],
      "failures": [],
      "pending": [],
      "skipped": [],
      "duration": 0,
      "root": true,
      "rootEmpty": true,
      "_timeout": 2000
    }
  ],
  "meta": {
    "mocha": {
      "version": "7.0.1"
    },
    "mochawesome": {
      "options": {
        "quiet": true,
        "reportFilename": "mochawesome",
        "saveHtml": false,
        "saveJson": true,
        "consoleReporter": "spec",
        "useInlineDiffs": false,
        "code": true
      },
      "version": "7.1.3"
    },
    "marge": {
      "options": {
        "id": "default",
        "reportDir": "mochawesome-report",
        "quiet": true,
        "overwrite": false,
        "html": false,
        "json": true,
        "reportTitle": "RELATÓRIO DE EXECUÇÃO DE TESTES - QA PLOOMES"
      },
      "version": "6.2.0"
    }
  }
}