{
  "stats": {
    "suites": 1,
    "tests": 4,
    "passes": 0,
    "pending": 0,
    "failures": 4,
    "start": "2023-03-02T17:30:13.354Z",
    "end": "2023-03-02T17:32:50.295Z",
    "duration": 156941,
    "testsRegistered": 4,
    "passPercent": 0,
    "pendingPercent": 0,
    "other": 0,
    "hasOther": false,
    "skipped": 0,
    "hasSkipped": false
  },
  "results": [
    {
      "uuid": "f9078170-9bdd-49f2-bd73-176ca1ef07b4",
      "title": "",
      "fullFile": "cypress/e2e/frontend/deals.cy.js",
      "file": "cypress/e2e/frontend/deals.cy.js",
      "beforeHooks": [],
      "afterHooks": [],
      "tests": [],
      "suites": [
        {
          "uuid": "8520a187-2136-486e-8bdd-f88bfb473aef",
          "title": "CRUD Negócios",
          "fullFile": "",
          "file": "",
          "beforeHooks": [],
          "afterHooks": [],
          "tests": [
            {
              "title": "Validar cadastro de um negócio",
              "fullTitle": "CRUD Negócios Validar cadastro de um negócio",
              "timedOut": null,
              "duration": 35884,
              "state": "failed",
              "speed": null,
              "pass": false,
              "fail": true,
              "pending": false,
              "context": null,
              "code": "_deal.default.listarNegocios();\n_deal.default.cadastrarNegocio();\n_deal.default.validarNegocio(nomeNegocio, valorNegocio);",
              "err": {
                "message": "AssertionError: Timed out retrying after 20000ms: Expected to find content: 'Negócios' within the element: <button.sc-dwLEzm.fORHkJ.sso-microsoft> but never did.",
                "estack": "AssertionError: Timed out retrying after 20000ms: Expected to find content: 'Negócios' within the element: <button.sc-dwLEzm.fORHkJ.sso-microsoft> but never did.\n    at Deal.listarNegocios (webpack:///./cypress/support/pages/deal/index.js:12:25)\n    at Context.eval (webpack:///./cypress/e2e/frontend/deals.cy.js:20:13)",
                "diff": null
              },
              "uuid": "6dee1d98-94a1-41e0-856a-c7bd2845de4a",
              "parentUUID": "8520a187-2136-486e-8bdd-f88bfb473aef",
              "isHook": false,
              "skipped": false
            },
            {
              "title": "Validar listagem de negócios",
              "fullTitle": "CRUD Negócios Validar listagem de negócios",
              "timedOut": null,
              "duration": 43564,
              "state": "failed",
              "speed": null,
              "pass": false,
              "fail": true,
              "pending": false,
              "context": null,
              "code": "_deal.default.listarNegocios();",
              "err": {
                "message": "AssertionError: Timed out retrying after 20000ms: Expected to find content: 'Novo negócio' within the element: <a.link-primary> but never did.",
                "estack": "AssertionError: Timed out retrying after 20000ms: Expected to find content: 'Novo negócio' within the element: <a.link-primary> but never did.\n    at Deal.listarNegocios (webpack:///./cypress/support/pages/deal/index.js:13:45)\n    at Context.eval (webpack:///./cypress/e2e/frontend/deals.cy.js:27:13)",
                "diff": null
              },
              "uuid": "f8b561be-1140-47ab-b540-c17d4e7df2d7",
              "parentUUID": "8520a187-2136-486e-8bdd-f88bfb473aef",
              "isHook": false,
              "skipped": false
            },
            {
              "title": "Validar edição de um negócio",
              "fullTitle": "CRUD Negócios Validar edição de um negócio",
              "timedOut": null,
              "duration": 38022,
              "state": "failed",
              "speed": null,
              "pass": false,
              "fail": true,
              "pending": false,
              "context": null,
              "code": "_deal.default.listarNegocios();\n_deal.default.editarNegocio();\n_deal.default.validarNegocio(nomenovoNegocio, valornovoNegocio);",
              "err": {
                "message": "AssertionError: Timed out retrying after 20000ms: Expected to find content: 'Negócio 1' within the element: <a#side-menu-close.button-fixed-size.button-fixed-size-big.button-white-light-border.b-1> but never did.",
                "estack": "AssertionError: Timed out retrying after 20000ms: Expected to find content: 'Negócio 1' within the element: <a#side-menu-close.button-fixed-size.button-fixed-size-big.button-white-light-border.b-1> but never did.\n    at Deal.editarNegocio (webpack:///./cypress/support/pages/deal/index.js:26:20)\n    at Context.eval (webpack:///./cypress/e2e/frontend/deals.cy.js:32:13)",
                "diff": null
              },
              "uuid": "4125f5fd-7e9c-4611-8f33-6f63a441bde0",
              "parentUUID": "8520a187-2136-486e-8bdd-f88bfb473aef",
              "isHook": false,
              "skipped": false
            },
            {
              "title": "Validar exclusão de um negócio",
              "fullTitle": "CRUD Negócios Validar exclusão de um negócio",
              "timedOut": null,
              "duration": 39117,
              "state": "failed",
              "speed": null,
              "pass": false,
              "fail": true,
              "pending": false,
              "context": null,
              "code": "_deal.default.listarNegocios();\n_deal.default.excluirNegocio();\n_deal.default.validarExclusaoNegocio();",
              "err": {
                "message": "AssertionError: Timed out retrying after 20000ms: Expected to find content: 'Negócio 2' within the element: <a#side-menu-close.button-fixed-size.button-fixed-size-big.button-white-light-border.b-1> but never did.",
                "estack": "AssertionError: Timed out retrying after 20000ms: Expected to find content: 'Negócio 2' within the element: <a#side-menu-close.button-fixed-size.button-fixed-size-big.button-white-light-border.b-1> but never did.\n    at Deal.excluirNegocio (webpack:///./cypress/support/pages/deal/index.js:35:20)\n    at Context.eval (webpack:///./cypress/e2e/frontend/deals.cy.js:38:13)",
                "diff": null
              },
              "uuid": "6fac4a9e-cd1f-48ea-bc47-3757409ef491",
              "parentUUID": "8520a187-2136-486e-8bdd-f88bfb473aef",
              "isHook": false,
              "skipped": false
            }
          ],
          "suites": [],
          "passes": [],
          "failures": [
            "6dee1d98-94a1-41e0-856a-c7bd2845de4a",
            "f8b561be-1140-47ab-b540-c17d4e7df2d7",
            "4125f5fd-7e9c-4611-8f33-6f63a441bde0",
            "6fac4a9e-cd1f-48ea-bc47-3757409ef491"
          ],
          "pending": [],
          "skipped": [],
          "duration": 156587,
          "root": false,
          "rootEmpty": false,
          "_timeout": 2000
        }
      ],
      "passes": [],
      "failures": [],
      "pending": [],
      "skipped": [],
      "duration": 0,
      "root": true,
      "rootEmpty": true,
      "_timeout": 2000
    }
  ],
  "meta": {
    "mocha": {
      "version": "7.0.1"
    },
    "mochawesome": {
      "options": {
        "quiet": true,
        "reportFilename": "mochawesome",
        "saveHtml": false,
        "saveJson": true,
        "consoleReporter": "spec",
        "useInlineDiffs": false,
        "code": true
      },
      "version": "7.1.3"
    },
    "marge": {
      "options": {
        "id": "default",
        "reportDir": "mochawesome-report",
        "quiet": true,
        "overwrite": false,
        "html": false,
        "json": true,
        "reportTitle": "RELATÓRIO DE EXECUÇÃO DE TESTES - PLOOMES"
      },
      "version": "6.2.0"
    }
  }
}