{
  "stats": {
    "suites": 1,
    "tests": 4,
    "passes": 4,
    "pending": 0,
    "failures": 0,
    "start": "2023-03-03T13:32:40.858Z",
    "end": "2023-03-03T13:34:26.425Z",
    "duration": 105567,
    "testsRegistered": 4,
    "passPercent": 100,
    "pendingPercent": 0,
    "other": 0,
    "hasOther": false,
    "skipped": 0,
    "hasSkipped": false
  },
  "results": [
    {
      "uuid": "9e925834-129f-4f5e-a2cb-eadf8e516010",
      "title": "",
      "fullFile": "cypress/e2e/frontend/deals.cy.js",
      "file": "cypress/e2e/frontend/deals.cy.js",
      "beforeHooks": [],
      "afterHooks": [],
      "tests": [],
      "suites": [
        {
          "uuid": "91c1f1d5-2eb2-439e-a4b6-20c7c9a5ca85",
          "title": "CRUD Negócios",
          "fullFile": "",
          "file": "",
          "beforeHooks": [],
          "afterHooks": [],
          "tests": [
            {
              "title": "Validar cadastro de um negócio",
              "fullTitle": "CRUD Negócios Validar cadastro de um negócio",
              "timedOut": null,
              "duration": 27259,
              "state": "passed",
              "speed": "slow",
              "pass": true,
              "fail": false,
              "pending": false,
              "context": null,
              "code": "_deal.default.listarNegocios();\n_deal.default.cadastrarNegocio();\n_deal.default.validarNegocio(nomeNegocio, valorNegocio);",
              "err": {},
              "uuid": "9c39743f-2142-4c30-8ea3-f72a9cd03648",
              "parentUUID": "91c1f1d5-2eb2-439e-a4b6-20c7c9a5ca85",
              "isHook": false,
              "skipped": false
            },
            {
              "title": "Validar listagem de negócios",
              "fullTitle": "CRUD Negócios Validar listagem de negócios",
              "timedOut": null,
              "duration": 21731,
              "state": "passed",
              "speed": "slow",
              "pass": true,
              "fail": false,
              "pending": false,
              "context": null,
              "code": "_deal.default.listarNegocios();",
              "err": {},
              "uuid": "695fd1ea-2711-44cc-b191-45fcfb0a073e",
              "parentUUID": "91c1f1d5-2eb2-439e-a4b6-20c7c9a5ca85",
              "isHook": false,
              "skipped": false
            },
            {
              "title": "Validar edição de um negócio",
              "fullTitle": "CRUD Negócios Validar edição de um negócio",
              "timedOut": null,
              "duration": 32745,
              "state": "passed",
              "speed": "slow",
              "pass": true,
              "fail": false,
              "pending": false,
              "context": null,
              "code": "_deal.default.listarNegocios();\n_deal.default.editarNegocio();\n_deal.default.validarNegocio(nomenovoNegocio, valornovoNegocio);",
              "err": {},
              "uuid": "eaf1e935-3979-44c6-8e3d-74b808987ab9",
              "parentUUID": "91c1f1d5-2eb2-439e-a4b6-20c7c9a5ca85",
              "isHook": false,
              "skipped": false
            },
            {
              "title": "Validar exclusão de um negócio",
              "fullTitle": "CRUD Negócios Validar exclusão de um negócio",
              "timedOut": null,
              "duration": 23404,
              "state": "passed",
              "speed": "slow",
              "pass": true,
              "fail": false,
              "pending": false,
              "context": null,
              "code": "_deal.default.listarNegocios();\n_deal.default.excluirNegocio();\n_deal.default.validarExclusaoNegocio();",
              "err": {},
              "uuid": "df1d44de-2f0a-44de-941e-ebf4d117308b",
              "parentUUID": "91c1f1d5-2eb2-439e-a4b6-20c7c9a5ca85",
              "isHook": false,
              "skipped": false
            }
          ],
          "suites": [],
          "passes": [
            "9c39743f-2142-4c30-8ea3-f72a9cd03648",
            "695fd1ea-2711-44cc-b191-45fcfb0a073e",
            "eaf1e935-3979-44c6-8e3d-74b808987ab9",
            "df1d44de-2f0a-44de-941e-ebf4d117308b"
          ],
          "failures": [],
          "pending": [],
          "skipped": [],
          "duration": 105139,
          "root": false,
          "rootEmpty": false,
          "_timeout": 2000
        }
      ],
      "passes": [],
      "failures": [],
      "pending": [],
      "skipped": [],
      "duration": 0,
      "root": true,
      "rootEmpty": true,
      "_timeout": 2000
    }
  ],
  "meta": {
    "mocha": {
      "version": "7.0.1"
    },
    "mochawesome": {
      "options": {
        "quiet": true,
        "reportFilename": "mochawesome",
        "saveHtml": false,
        "saveJson": true,
        "consoleReporter": "spec",
        "useInlineDiffs": false,
        "code": true
      },
      "version": "7.1.3"
    },
    "marge": {
      "options": {
        "id": "default",
        "reportDir": "mochawesome-report",
        "quiet": true,
        "overwrite": false,
        "html": false,
        "json": true,
        "reportTitle": "RELATÓRIO DE EXECUÇÃO DE TESTES - QA PLOOMES"
      },
      "version": "6.2.0"
    }
  }
}