{
  "stats": {
    "suites": 1,
    "tests": 4,
    "passes": 4,
    "pending": 0,
    "failures": 0,
    "start": "2023-03-03T13:45:06.049Z",
    "end": "2023-03-03T13:46:47.968Z",
    "duration": 101919,
    "testsRegistered": 4,
    "passPercent": 100,
    "pendingPercent": 0,
    "other": 0,
    "hasOther": false,
    "skipped": 0,
    "hasSkipped": false
  },
  "results": [
    {
      "uuid": "06943591-36d4-45a0-8e76-723414dde516",
      "title": "",
      "fullFile": "cypress/e2e/frontend/contacts.cy.js",
      "file": "cypress/e2e/frontend/contacts.cy.js",
      "beforeHooks": [],
      "afterHooks": [],
      "tests": [],
      "suites": [
        {
          "uuid": "d246bdf6-08d6-4265-9424-94a9871ad4dc",
          "title": "CRUD Clientes",
          "fullFile": "",
          "file": "",
          "beforeHooks": [],
          "afterHooks": [],
          "tests": [
            {
              "title": "Validar cadastro de um cliente",
              "fullTitle": "CRUD Clientes Validar cadastro de um cliente",
              "timedOut": null,
              "duration": 35024,
              "state": "passed",
              "speed": "slow",
              "pass": true,
              "fail": false,
              "pending": false,
              "context": null,
              "code": "_contact.default.listarClientes();\n_contact.default.cadastrarCliente();\n_contact.default.validarCliente(nomeCliente);",
              "err": {},
              "uuid": "884e999f-30c5-4c3c-b76f-11e5a7ce03f8",
              "parentUUID": "d246bdf6-08d6-4265-9424-94a9871ad4dc",
              "isHook": false,
              "skipped": false
            },
            {
              "title": "Validar listagem de clientes",
              "fullTitle": "CRUD Clientes Validar listagem de clientes",
              "timedOut": null,
              "duration": 17852,
              "state": "passed",
              "speed": "slow",
              "pass": true,
              "fail": false,
              "pending": false,
              "context": null,
              "code": "_contact.default.listarClientes();",
              "err": {},
              "uuid": "64e6b4fb-e19f-41bd-8a2b-de3aaa9d5bff",
              "parentUUID": "d246bdf6-08d6-4265-9424-94a9871ad4dc",
              "isHook": false,
              "skipped": false
            },
            {
              "title": "Validar edição de um cliente",
              "fullTitle": "CRUD Clientes Validar edição de um cliente",
              "timedOut": null,
              "duration": 26192,
              "state": "passed",
              "speed": "slow",
              "pass": true,
              "fail": false,
              "pending": false,
              "context": null,
              "code": "_contact.default.listarClientes();\n_contact.default.editarCliente();\n_contact.default.validarCliente(nomeNovoCliente);",
              "err": {},
              "uuid": "13e6268f-e0b8-428d-8e6e-fc90698b7fe2",
              "parentUUID": "d246bdf6-08d6-4265-9424-94a9871ad4dc",
              "isHook": false,
              "skipped": false
            },
            {
              "title": "Validar exclusão de um cliente",
              "fullTitle": "CRUD Clientes Validar exclusão de um cliente",
              "timedOut": null,
              "duration": 22486,
              "state": "passed",
              "speed": "slow",
              "pass": true,
              "fail": false,
              "pending": false,
              "context": null,
              "code": "_contact.default.listarClientes();\n_contact.default.excluirCliente();\n_contact.default.validarExclusaoCliente();",
              "err": {},
              "uuid": "afd73665-1163-46c3-80de-7093137acf8d",
              "parentUUID": "d246bdf6-08d6-4265-9424-94a9871ad4dc",
              "isHook": false,
              "skipped": false
            }
          ],
          "suites": [],
          "passes": [
            "884e999f-30c5-4c3c-b76f-11e5a7ce03f8",
            "64e6b4fb-e19f-41bd-8a2b-de3aaa9d5bff",
            "13e6268f-e0b8-428d-8e6e-fc90698b7fe2",
            "afd73665-1163-46c3-80de-7093137acf8d"
          ],
          "failures": [],
          "pending": [],
          "skipped": [],
          "duration": 101554,
          "root": false,
          "rootEmpty": false,
          "_timeout": 2000
        }
      ],
      "passes": [],
      "failures": [],
      "pending": [],
      "skipped": [],
      "duration": 0,
      "root": true,
      "rootEmpty": true,
      "_timeout": 2000
    }
  ],
  "meta": {
    "mocha": {
      "version": "7.0.1"
    },
    "mochawesome": {
      "options": {
        "quiet": true,
        "reportFilename": "mochawesome",
        "saveHtml": false,
        "saveJson": true,
        "consoleReporter": "spec",
        "useInlineDiffs": false,
        "code": true
      },
      "version": "7.1.3"
    },
    "marge": {
      "options": {
        "id": "default",
        "reportDir": "mochawesome-report",
        "quiet": true,
        "overwrite": false,
        "html": false,
        "json": true,
        "reportTitle": "RELATÓRIO DE EXECUÇÃO DE TESTES - QA PLOOMES"
      },
      "version": "6.2.0"
    }
  }
}