{
  "stats": {
    "suites": 1,
    "tests": 4,
    "passes": 4,
    "pending": 0,
    "failures": 0,
    "start": "2023-03-03T01:33:51.964Z",
    "end": "2023-03-03T01:33:53.782Z",
    "duration": 1818,
    "testsRegistered": 4,
    "passPercent": 100,
    "pendingPercent": 0,
    "other": 0,
    "hasOther": false,
    "skipped": 0,
    "hasSkipped": false
  },
  "results": [
    {
      "uuid": "98f1c361-1215-4b18-8ab9-b53028790025",
      "title": "",
      "fullFile": "cypress/e2e/api/contact.cy.js",
      "file": "cypress/e2e/api/contact.cy.js",
      "beforeHooks": [],
      "afterHooks": [],
      "tests": [],
      "suites": [
        {
          "uuid": "cb65b996-b277-48ed-b59f-d62cb023324d",
          "title": "Testes (CRUD) do módulo Contatos da API Ploomes",
          "fullFile": "",
          "file": "",
          "beforeHooks": [],
          "afterHooks": [],
          "tests": [
            {
              "title": "Validar criação de um contato",
              "fullTitle": "Testes (CRUD) do módulo Contatos da API Ploomes Validar criação de um contato",
              "timedOut": null,
              "duration": 1052,
              "state": "passed",
              "speed": "fast",
              "pass": true,
              "fail": false,
              "pending": false,
              "context": null,
              "code": "cy.postRequest('/Contacts', _contacts.default).then(postContactResponse => {\n  expect(postContactResponse.status).to.equal(200);\n  expect(postContactResponse.body.value[0]).to.have.property(\"Id\");\n  expect(postContactResponse.body.value[0].Name).not.to.be.empty;\n  Id = postContactResponse.body.value[0].Id;\n  cy.log(Id);\n});",
              "err": {},
              "uuid": "fc6db141-f1ab-43f3-944c-7c2abb4f6f69",
              "parentUUID": "cb65b996-b277-48ed-b59f-d62cb023324d",
              "isHook": false,
              "skipped": false
            },
            {
              "title": "Validar a consulta dos clientes",
              "fullTitle": "Testes (CRUD) do módulo Contatos da API Ploomes Validar a consulta dos clientes",
              "timedOut": null,
              "duration": 211,
              "state": "passed",
              "speed": "fast",
              "pass": true,
              "fail": false,
              "pending": false,
              "context": null,
              "code": "cy.getRequest('/Contacts').then(getContactResponse => {\n  expect(getContactResponse.status).to.equal(200);\n  expect(getContactResponse.body).to.be.not.null;\n});",
              "err": {},
              "uuid": "71120928-0ad0-4b66-b3d0-06106067b014",
              "parentUUID": "cb65b996-b277-48ed-b59f-d62cb023324d",
              "isHook": false,
              "skipped": false
            },
            {
              "title": "Validar a edição de um cliente",
              "fullTitle": "Testes (CRUD) do módulo Contatos da API Ploomes Validar a edição de um cliente",
              "timedOut": null,
              "duration": 277,
              "state": "passed",
              "speed": "fast",
              "pass": true,
              "fail": false,
              "pending": false,
              "context": null,
              "code": "cy.patchRequest('/Contacts(' + Id + ')', {\n  \"Name\": Name,\n  \"Neighborhood\": Neighborhood\n}).then(patchContactResponse => {\n  expect(patchContactResponse.status).to.equal(200);\n  expect(patchContactResponse.body.value[0].Name).to.equal(Name);\n  expect(patchContactResponse.body.value[0].Neighborhood).to.equal(Neighborhood);\n});",
              "err": {},
              "uuid": "e1650774-3a9d-4575-b1b5-c71cd24bd46a",
              "parentUUID": "cb65b996-b277-48ed-b59f-d62cb023324d",
              "isHook": false,
              "skipped": false
            },
            {
              "title": "Validar a exclusão de um cliente",
              "fullTitle": "Testes (CRUD) do módulo Contatos da API Ploomes Validar a exclusão de um cliente",
              "timedOut": null,
              "duration": 251,
              "state": "passed",
              "speed": "fast",
              "pass": true,
              "fail": false,
              "pending": false,
              "context": null,
              "code": "cy.deleteRequest('/Contacts(' + Id + ')').then(deleteContactResponse => {\n  expect(deleteContactResponse.status).to.equal(200);\n  expect(deleteContactResponse.body).to.be.empty;\n});",
              "err": {},
              "uuid": "6e6b8b1d-037b-4382-a463-0323dd625fa6",
              "parentUUID": "cb65b996-b277-48ed-b59f-d62cb023324d",
              "isHook": false,
              "skipped": false
            }
          ],
          "suites": [],
          "passes": [
            "fc6db141-f1ab-43f3-944c-7c2abb4f6f69",
            "71120928-0ad0-4b66-b3d0-06106067b014",
            "e1650774-3a9d-4575-b1b5-c71cd24bd46a",
            "6e6b8b1d-037b-4382-a463-0323dd625fa6"
          ],
          "failures": [],
          "pending": [],
          "skipped": [],
          "duration": 1791,
          "root": false,
          "rootEmpty": false,
          "_timeout": 2000
        }
      ],
      "passes": [],
      "failures": [],
      "pending": [],
      "skipped": [],
      "duration": 0,
      "root": true,
      "rootEmpty": true,
      "_timeout": 2000
    }
  ],
  "meta": {
    "mocha": {
      "version": "7.0.1"
    },
    "mochawesome": {
      "options": {
        "quiet": true,
        "reportFilename": "mochawesome",
        "saveHtml": false,
        "saveJson": true,
        "consoleReporter": "spec",
        "useInlineDiffs": false,
        "code": true
      },
      "version": "7.1.3"
    },
    "marge": {
      "options": {
        "id": "default",
        "reportDir": "mochawesome-report",
        "quiet": true,
        "overwrite": false,
        "html": false,
        "json": true,
        "reportTitle": "RELATÓRIO DE EXECUÇÃO DE TESTES - PLOOMES"
      },
      "version": "6.2.0"
    }
  }
}