{
  "stats": {
    "suites": 1,
    "tests": 4,
    "passes": 4,
    "pending": 0,
    "failures": 0,
    "start": "2023-03-03T01:33:57.150Z",
    "end": "2023-03-03T01:33:58.252Z",
    "duration": 1102,
    "testsRegistered": 4,
    "passPercent": 100,
    "pendingPercent": 0,
    "other": 0,
    "hasOther": false,
    "skipped": 0,
    "hasSkipped": false
  },
  "results": [
    {
      "uuid": "a346c970-1e29-447d-a295-79af3966d938",
      "title": "",
      "fullFile": "cypress/e2e/api/deals.cy.js",
      "file": "cypress/e2e/api/deals.cy.js",
      "beforeHooks": [],
      "afterHooks": [],
      "tests": [],
      "suites": [
        {
          "uuid": "0fbd7937-3256-44d3-be27-14c9dd70d4f6",
          "title": "Testes (CRUD) do módulo Negócios da API Ploomes",
          "fullFile": "",
          "file": "",
          "beforeHooks": [],
          "afterHooks": [],
          "tests": [
            {
              "title": "Validar criação de um negócio",
              "fullTitle": "Testes (CRUD) do módulo Negócios da API Ploomes Validar criação de um negócio",
              "timedOut": null,
              "duration": 358,
              "state": "passed",
              "speed": "fast",
              "pass": true,
              "fail": false,
              "pending": false,
              "context": null,
              "code": "cy.postRequest('/Deals', _deals.default).then(postDealResponse => {\n  expect(postDealResponse.status).to.equal(200);\n  expect(postDealResponse.body.value[0]).to.have.property(\"Id\");\n  expect(postDealResponse.body.value[0].Title).not.to.be.empty;\n  Id = postDealResponse.body.value[0].Id;\n});",
              "err": {},
              "uuid": "f6207036-2f83-4bd0-8721-bbb73c6363a6",
              "parentUUID": "0fbd7937-3256-44d3-be27-14c9dd70d4f6",
              "isHook": false,
              "skipped": false
            },
            {
              "title": "Validar a consulta dos negócios",
              "fullTitle": "Testes (CRUD) do módulo Negócios da API Ploomes Validar a consulta dos negócios",
              "timedOut": null,
              "duration": 220,
              "state": "passed",
              "speed": "fast",
              "pass": true,
              "fail": false,
              "pending": false,
              "context": null,
              "code": "cy.getRequest('/Deals').then(getDealResponse => {\n  expect(getDealResponse.status).to.equal(200);\n  expect(getDealResponse.body).to.be.not.null;\n});",
              "err": {},
              "uuid": "da7ff0ee-bd02-4a07-ae59-aea0b03c5cae",
              "parentUUID": "0fbd7937-3256-44d3-be27-14c9dd70d4f6",
              "isHook": false,
              "skipped": false
            },
            {
              "title": "Validar a edição de um negócio",
              "fullTitle": "Testes (CRUD) do módulo Negócios da API Ploomes Validar a edição de um negócio",
              "timedOut": null,
              "duration": 265,
              "state": "passed",
              "speed": "fast",
              "pass": true,
              "fail": false,
              "pending": false,
              "context": null,
              "code": "cy.patchRequest('/Deals(' + Id + ')', {\n  \"Title\": Title,\n  \"Amount\": Amount\n}).then(patchDealResponse => {\n  expect(patchDealResponse.status).to.equal(200);\n  expect(patchDealResponse.body.value[0].Title).to.equal(Title);\n  expect(patchDealResponse.body.value[0].Amount).to.equal(Amount);\n});",
              "err": {},
              "uuid": "54c60136-2b97-4926-8915-2a6166a5fafc",
              "parentUUID": "0fbd7937-3256-44d3-be27-14c9dd70d4f6",
              "isHook": false,
              "skipped": false
            },
            {
              "title": "Validar a exclusão de um negócio",
              "fullTitle": "Testes (CRUD) do módulo Negócios da API Ploomes Validar a exclusão de um negócio",
              "timedOut": null,
              "duration": 233,
              "state": "passed",
              "speed": "fast",
              "pass": true,
              "fail": false,
              "pending": false,
              "context": null,
              "code": "cy.deleteRequest('/Deals(' + Id + ')').then(deleteDealResponse => {\n  expect(deleteDealResponse.status).to.equal(200);\n  expect(deleteDealResponse.body).to.be.empty;\n});",
              "err": {},
              "uuid": "bba30471-8054-4e79-843b-57c60d09f7b6",
              "parentUUID": "0fbd7937-3256-44d3-be27-14c9dd70d4f6",
              "isHook": false,
              "skipped": false
            }
          ],
          "suites": [],
          "passes": [
            "f6207036-2f83-4bd0-8721-bbb73c6363a6",
            "da7ff0ee-bd02-4a07-ae59-aea0b03c5cae",
            "54c60136-2b97-4926-8915-2a6166a5fafc",
            "bba30471-8054-4e79-843b-57c60d09f7b6"
          ],
          "failures": [],
          "pending": [],
          "skipped": [],
          "duration": 1076,
          "root": false,
          "rootEmpty": false,
          "_timeout": 2000
        }
      ],
      "passes": [],
      "failures": [],
      "pending": [],
      "skipped": [],
      "duration": 0,
      "root": true,
      "rootEmpty": true,
      "_timeout": 2000
    }
  ],
  "meta": {
    "mocha": {
      "version": "7.0.1"
    },
    "mochawesome": {
      "options": {
        "quiet": true,
        "reportFilename": "mochawesome",
        "saveHtml": false,
        "saveJson": true,
        "consoleReporter": "spec",
        "useInlineDiffs": false,
        "code": true
      },
      "version": "7.1.3"
    },
    "marge": {
      "options": {
        "id": "default",
        "reportDir": "mochawesome-report",
        "quiet": true,
        "overwrite": false,
        "html": false,
        "json": true,
        "reportTitle": "RELATÓRIO DE EXECUÇÃO DE TESTES - PLOOMES"
      },
      "version": "6.2.0"
    }
  }
}