{
  "stats": {
    "suites": 1,
    "tests": 3,
    "passes": 3,
    "pending": 0,
    "failures": 0,
    "start": "2023-03-02T13:00:57.995Z",
    "end": "2023-03-02T13:02:23.347Z",
    "duration": 85352,
    "testsRegistered": 3,
    "passPercent": 100,
    "pendingPercent": 0,
    "other": 0,
    "hasOther": false,
    "skipped": 0,
    "hasSkipped": false
  },
  "results": [
    {
      "uuid": "6cb81cf2-fd9c-4759-9426-1c86d2daea13",
      "title": "",
      "fullFile": "cypress/e2e/frontend/products.cy.js",
      "file": "cypress/e2e/frontend/products.cy.js",
      "beforeHooks": [],
      "afterHooks": [],
      "tests": [],
      "suites": [
        {
          "uuid": "ebccd866-a80a-476c-8e97-95b8dc817e58",
          "title": "CRUD Produtos",
          "fullFile": "",
          "file": "",
          "beforeHooks": [],
          "afterHooks": [],
          "tests": [
            {
              "title": "Validar cadastro de um produto",
              "fullTitle": "CRUD Produtos Validar cadastro de um produto",
              "timedOut": null,
              "duration": 46304,
              "state": "passed",
              "speed": "slow",
              "pass": true,
              "fail": false,
              "pending": false,
              "context": null,
              "code": "_product.default.listarProdutos();\n_product.default.cadastrarProdutos();\n_product.default.validarProduto();",
              "err": {},
              "uuid": "e14ce66d-4ca2-4685-b82f-db77b90a04e8",
              "parentUUID": "ebccd866-a80a-476c-8e97-95b8dc817e58",
              "isHook": false,
              "skipped": false
            },
            {
              "title": "Validar listagem de um produto",
              "fullTitle": "CRUD Produtos Validar listagem de um produto",
              "timedOut": null,
              "duration": 17204,
              "state": "passed",
              "speed": "slow",
              "pass": true,
              "fail": false,
              "pending": false,
              "context": null,
              "code": "_product.default.listarProdutos();",
              "err": {},
              "uuid": "e48517ae-2c43-4fda-8d6a-5af2bef11e58",
              "parentUUID": "ebccd866-a80a-476c-8e97-95b8dc817e58",
              "isHook": false,
              "skipped": false
            },
            {
              "title": "Validar exclusão de um produto",
              "fullTitle": "CRUD Produtos Validar exclusão de um produto",
              "timedOut": null,
              "duration": 21599,
              "state": "passed",
              "speed": "slow",
              "pass": true,
              "fail": false,
              "pending": false,
              "context": null,
              "code": "_product.default.listarProdutos();\n_product.default.excluirProduto();",
              "err": {},
              "uuid": "004c662b-b803-42ff-a4ff-a343299430f4",
              "parentUUID": "ebccd866-a80a-476c-8e97-95b8dc817e58",
              "isHook": false,
              "skipped": false
            }
          ],
          "suites": [],
          "passes": [
            "e14ce66d-4ca2-4685-b82f-db77b90a04e8",
            "e48517ae-2c43-4fda-8d6a-5af2bef11e58",
            "004c662b-b803-42ff-a4ff-a343299430f4"
          ],
          "failures": [],
          "pending": [],
          "skipped": [],
          "duration": 85107,
          "root": false,
          "rootEmpty": false,
          "_timeout": 2000
        }
      ],
      "passes": [],
      "failures": [],
      "pending": [],
      "skipped": [],
      "duration": 0,
      "root": true,
      "rootEmpty": true,
      "_timeout": 2000
    }
  ],
  "meta": {
    "mocha": {
      "version": "7.0.1"
    },
    "mochawesome": {
      "options": {
        "quiet": true,
        "reportFilename": "mochawesome",
        "saveHtml": false,
        "saveJson": true,
        "consoleReporter": "spec",
        "useInlineDiffs": false,
        "code": true
      },
      "version": "7.1.3"
    },
    "marge": {
      "options": {
        "id": "default",
        "reportDir": "mochawesome-report",
        "quiet": true,
        "overwrite": false,
        "html": false,
        "json": true
      },
      "version": "6.2.0"
    }
  }
}