{
  "stats": {
    "suites": 1,
    "tests": 4,
    "passes": 4,
    "pending": 0,
    "failures": 0,
    "start": "2023-03-02T17:20:38.506Z",
    "end": "2023-03-02T17:20:41.633Z",
    "duration": 3127,
    "testsRegistered": 4,
    "passPercent": 100,
    "pendingPercent": 0,
    "other": 0,
    "hasOther": false,
    "skipped": 0,
    "hasSkipped": false
  },
  "results": [
    {
      "uuid": "8c9fe06e-7dd5-486e-805f-018584137298",
      "title": "",
      "fullFile": "cypress/e2e/api/contact.cy.js",
      "file": "cypress/e2e/api/contact.cy.js",
      "beforeHooks": [],
      "afterHooks": [],
      "tests": [],
      "suites": [
        {
          "uuid": "87b2a95d-3b27-49fe-abdb-cdf22a4bf815",
          "title": "Testes (CRUD) do módulo Contatos da API Ploomes",
          "fullFile": "",
          "file": "",
          "beforeHooks": [],
          "afterHooks": [],
          "tests": [
            {
              "title": "Validar criação de um contato",
              "fullTitle": "Testes (CRUD) do módulo Contatos da API Ploomes Validar criação de um contato",
              "timedOut": null,
              "duration": 1632,
              "state": "passed",
              "speed": "fast",
              "pass": true,
              "fail": false,
              "pending": false,
              "context": null,
              "code": "cy.postRequest('/Contacts', _contacts.default).then(postContactResponse => {\n  expect(postContactResponse.status).to.equal(200);\n  expect(postContactResponse.body.value[0]).to.have.property(\"Id\");\n  expect(postContactResponse.body.value[0].Name).not.to.be.empty;\n  Id = postContactResponse.body.value[0].Id;\n  cy.log(Id);\n});",
              "err": {},
              "uuid": "c87fabac-55ab-4235-aec4-53560a95b4f2",
              "parentUUID": "87b2a95d-3b27-49fe-abdb-cdf22a4bf815",
              "isHook": false,
              "skipped": false
            },
            {
              "title": "Validar a consulta dos clientes",
              "fullTitle": "Testes (CRUD) do módulo Contatos da API Ploomes Validar a consulta dos clientes",
              "timedOut": null,
              "duration": 478,
              "state": "passed",
              "speed": "fast",
              "pass": true,
              "fail": false,
              "pending": false,
              "context": null,
              "code": "cy.getRequest('/Contacts').then(getContactResponse => {\n  expect(getContactResponse.status).to.equal(200);\n  expect(getContactResponse.body).to.be.not.null;\n});",
              "err": {},
              "uuid": "8efd7f7d-92fa-4c08-8d4c-6a8f27af0df4",
              "parentUUID": "87b2a95d-3b27-49fe-abdb-cdf22a4bf815",
              "isHook": false,
              "skipped": false
            },
            {
              "title": "Validar a edição de um cliente",
              "fullTitle": "Testes (CRUD) do módulo Contatos da API Ploomes Validar a edição de um cliente",
              "timedOut": null,
              "duration": 431,
              "state": "passed",
              "speed": "fast",
              "pass": true,
              "fail": false,
              "pending": false,
              "context": null,
              "code": "cy.patchRequest('/Contacts(' + Id + ')', {\n  \"Name\": Name,\n  \"Neighborhood\": Neighborhood\n}).then(patchContactResponse => {\n  expect(patchContactResponse.status).to.equal(200);\n  expect(patchContactResponse.body.value[0].Name).to.equal(Name);\n  expect(patchContactResponse.body.value[0].Neighborhood).to.equal(Neighborhood);\n});",
              "err": {},
              "uuid": "9d2ad5a0-d32e-47db-84f9-424292a7603d",
              "parentUUID": "87b2a95d-3b27-49fe-abdb-cdf22a4bf815",
              "isHook": false,
              "skipped": false
            },
            {
              "title": "Validar a exclusão de um cliente",
              "fullTitle": "Testes (CRUD) do módulo Contatos da API Ploomes Validar a exclusão de um cliente",
              "timedOut": null,
              "duration": 523,
              "state": "passed",
              "speed": "fast",
              "pass": true,
              "fail": false,
              "pending": false,
              "context": null,
              "code": "cy.deleteRequest('/Contacts(' + Id + ')').then(deleteContactResponse => {\n  expect(deleteContactResponse.status).to.equal(200);\n  expect(deleteContactResponse.body).to.be.empty;\n});",
              "err": {},
              "uuid": "e9f2f672-e325-4dbf-a9ef-c562c9aa000f",
              "parentUUID": "87b2a95d-3b27-49fe-abdb-cdf22a4bf815",
              "isHook": false,
              "skipped": false
            }
          ],
          "suites": [],
          "passes": [
            "c87fabac-55ab-4235-aec4-53560a95b4f2",
            "8efd7f7d-92fa-4c08-8d4c-6a8f27af0df4",
            "9d2ad5a0-d32e-47db-84f9-424292a7603d",
            "e9f2f672-e325-4dbf-a9ef-c562c9aa000f"
          ],
          "failures": [],
          "pending": [],
          "skipped": [],
          "duration": 3064,
          "root": false,
          "rootEmpty": false,
          "_timeout": 2000
        }
      ],
      "passes": [],
      "failures": [],
      "pending": [],
      "skipped": [],
      "duration": 0,
      "root": true,
      "rootEmpty": true,
      "_timeout": 2000
    }
  ],
  "meta": {
    "mocha": {
      "version": "7.0.1"
    },
    "mochawesome": {
      "options": {
        "quiet": true,
        "reportFilename": "mochawesome",
        "saveHtml": false,
        "saveJson": true,
        "consoleReporter": "spec",
        "useInlineDiffs": false,
        "code": true
      },
      "version": "7.1.3"
    },
    "marge": {
      "options": {
        "id": "default",
        "reportDir": "mochawesome-report",
        "quiet": true,
        "overwrite": false,
        "html": false,
        "json": true,
        "reportTitle": "RELATÓRIO DE EXECUÇÃO DE TESTES - PLOOMES"
      },
      "version": "6.2.0"
    }
  }
}