{
  "stats": {
    "suites": 1,
    "tests": 2,
    "passes": 2,
    "pending": 0,
    "failures": 0,
    "start": "2023-03-03T13:34:48.439Z",
    "end": "2023-03-03T13:35:00.820Z",
    "duration": 12381,
    "testsRegistered": 2,
    "passPercent": 100,
    "pendingPercent": 0,
    "other": 0,
    "hasOther": false,
    "skipped": 0,
    "hasSkipped": false
  },
  "results": [
    {
      "uuid": "9255921f-3997-4669-bd2f-b81daf9ec22e",
      "title": "",
      "fullFile": "cypress/e2e/frontend/login.cy.js",
      "file": "cypress/e2e/frontend/login.cy.js",
      "beforeHooks": [],
      "afterHooks": [],
      "tests": [],
      "suites": [
        {
          "uuid": "4c13ffa9-ce4e-46d7-8279-1b0b8e8dc72d",
          "title": "Login no Ploomes",
          "fullFile": "",
          "file": "",
          "beforeHooks": [],
          "afterHooks": [],
          "tests": [
            {
              "title": "Validar login com sucesso no Ploomes",
              "fullTitle": "Login no Ploomes Validar login com sucesso no Ploomes",
              "timedOut": null,
              "duration": 6628,
              "state": "passed",
              "speed": "medium",
              "pass": true,
              "fail": false,
              "pending": false,
              "context": null,
              "code": "cy.login(email, password);",
              "err": {},
              "uuid": "e45efbfa-fc59-416e-8ee4-687be29cb8a1",
              "parentUUID": "4c13ffa9-ce4e-46d7-8279-1b0b8e8dc72d",
              "isHook": false,
              "skipped": false
            },
            {
              "title": "Validar login com email e/ou senha incorretos",
              "fullTitle": "Login no Ploomes Validar login com email e/ou senha incorretos",
              "timedOut": null,
              "duration": 5666,
              "state": "passed",
              "speed": "medium",
              "pass": true,
              "fail": false,
              "pending": false,
              "context": null,
              "code": "cy.login(\"lucasteste@qa.com\", \"123456abc\");",
              "err": {},
              "uuid": "9b6f3da6-945c-4a35-b263-49814aacf463",
              "parentUUID": "4c13ffa9-ce4e-46d7-8279-1b0b8e8dc72d",
              "isHook": false,
              "skipped": false
            }
          ],
          "suites": [],
          "passes": [
            "e45efbfa-fc59-416e-8ee4-687be29cb8a1",
            "9b6f3da6-945c-4a35-b263-49814aacf463"
          ],
          "failures": [],
          "pending": [],
          "skipped": [],
          "duration": 12294,
          "root": false,
          "rootEmpty": false,
          "_timeout": 2000
        }
      ],
      "passes": [],
      "failures": [],
      "pending": [],
      "skipped": [],
      "duration": 0,
      "root": true,
      "rootEmpty": true,
      "_timeout": 2000
    }
  ],
  "meta": {
    "mocha": {
      "version": "7.0.1"
    },
    "mochawesome": {
      "options": {
        "quiet": true,
        "reportFilename": "mochawesome",
        "saveHtml": false,
        "saveJson": true,
        "consoleReporter": "spec",
        "useInlineDiffs": false,
        "code": true
      },
      "version": "7.1.3"
    },
    "marge": {
      "options": {
        "id": "default",
        "reportDir": "mochawesome-report",
        "quiet": true,
        "overwrite": false,
        "html": false,
        "json": true,
        "reportTitle": "RELATÓRIO DE EXECUÇÃO DE TESTES - QA PLOOMES"
      },
      "version": "6.2.0"
    }
  }
}