{
  "stats": {
    "suites": 1,
    "tests": 2,
    "passes": 2,
    "pending": 0,
    "failures": 0,
    "start": "2023-03-02T17:22:38.153Z",
    "end": "2023-03-02T17:22:50.833Z",
    "duration": 12680,
    "testsRegistered": 2,
    "passPercent": 100,
    "pendingPercent": 0,
    "other": 0,
    "hasOther": false,
    "skipped": 0,
    "hasSkipped": false
  },
  "results": [
    {
      "uuid": "e35fb224-0446-4325-91c9-89493135d874",
      "title": "",
      "fullFile": "cypress/e2e/frontend/login.cy.js",
      "file": "cypress/e2e/frontend/login.cy.js",
      "beforeHooks": [],
      "afterHooks": [],
      "tests": [],
      "suites": [
        {
          "uuid": "454262c7-aba5-426f-a4f7-2aa20768dec7",
          "title": "Login no Ploomes",
          "fullFile": "",
          "file": "",
          "beforeHooks": [],
          "afterHooks": [],
          "tests": [
            {
              "title": "Validar login com sucesso no Ploomes",
              "fullTitle": "Login no Ploomes Validar login com sucesso no Ploomes",
              "timedOut": null,
              "duration": 6894,
              "state": "passed",
              "speed": "medium",
              "pass": true,
              "fail": false,
              "pending": false,
              "context": null,
              "code": "cy.login(email, password);",
              "err": {},
              "uuid": "b4c50152-9631-4b86-97b8-147b864a7f44",
              "parentUUID": "454262c7-aba5-426f-a4f7-2aa20768dec7",
              "isHook": false,
              "skipped": false
            },
            {
              "title": "Validar login com email e/ou senha incorretos",
              "fullTitle": "Login no Ploomes Validar login com email e/ou senha incorretos",
              "timedOut": null,
              "duration": 5711,
              "state": "passed",
              "speed": "medium",
              "pass": true,
              "fail": false,
              "pending": false,
              "context": null,
              "code": "cy.login(\"lucasteste@qa.com\", \"123456abc\");",
              "err": {},
              "uuid": "42926a1a-5b79-4937-b956-61f05262eea8",
              "parentUUID": "454262c7-aba5-426f-a4f7-2aa20768dec7",
              "isHook": false,
              "skipped": false
            }
          ],
          "suites": [],
          "passes": [
            "b4c50152-9631-4b86-97b8-147b864a7f44",
            "42926a1a-5b79-4937-b956-61f05262eea8"
          ],
          "failures": [],
          "pending": [],
          "skipped": [],
          "duration": 12605,
          "root": false,
          "rootEmpty": false,
          "_timeout": 2000
        }
      ],
      "passes": [],
      "failures": [],
      "pending": [],
      "skipped": [],
      "duration": 0,
      "root": true,
      "rootEmpty": true,
      "_timeout": 2000
    }
  ],
  "meta": {
    "mocha": {
      "version": "7.0.1"
    },
    "mochawesome": {
      "options": {
        "quiet": true,
        "reportFilename": "mochawesome",
        "saveHtml": false,
        "saveJson": true,
        "consoleReporter": "spec",
        "useInlineDiffs": false,
        "code": true
      },
      "version": "7.1.3"
    },
    "marge": {
      "options": {
        "id": "default",
        "reportDir": "mochawesome-report",
        "quiet": true,
        "overwrite": false,
        "html": false,
        "json": true,
        "reportTitle": "RELATÓRIO DE EXECUÇÃO DE TESTES - PLOOMES"
      },
      "version": "6.2.0"
    }
  }
}