{
  "stats": {
    "suites": 1,
    "tests": 3,
    "passes": 3,
    "pending": 0,
    "failures": 0,
    "start": "2023-03-03T13:12:39.405Z",
    "end": "2023-03-03T13:14:02.664Z",
    "duration": 83259,
    "testsRegistered": 3,
    "passPercent": 100,
    "pendingPercent": 0,
    "other": 0,
    "hasOther": false,
    "skipped": 0,
    "hasSkipped": false
  },
  "results": [
    {
      "uuid": "e25be3ee-48d2-4c92-9ba8-030501ab5730",
      "title": "",
      "fullFile": "cypress/e2e/frontend/products.cy.js",
      "file": "cypress/e2e/frontend/products.cy.js",
      "beforeHooks": [],
      "afterHooks": [],
      "tests": [],
      "suites": [
        {
          "uuid": "be1c6639-effc-42fe-9115-ed6d0104c307",
          "title": "CRUD Produtos",
          "fullFile": "",
          "file": "",
          "beforeHooks": [],
          "afterHooks": [],
          "tests": [
            {
              "title": "Validar cadastro de um produto",
              "fullTitle": "CRUD Produtos Validar cadastro de um produto",
              "timedOut": null,
              "duration": 45561,
              "state": "passed",
              "speed": "slow",
              "pass": true,
              "fail": false,
              "pending": false,
              "context": null,
              "code": "_product.default.listarProdutos();\n_product.default.cadastrarProdutos();\n_product.default.validarProduto();",
              "err": {},
              "uuid": "fac13486-766b-4310-8d20-eaf23b853b0b",
              "parentUUID": "be1c6639-effc-42fe-9115-ed6d0104c307",
              "isHook": false,
              "skipped": false
            },
            {
              "title": "Validar listagem de um produto",
              "fullTitle": "CRUD Produtos Validar listagem de um produto",
              "timedOut": null,
              "duration": 16225,
              "state": "passed",
              "speed": "slow",
              "pass": true,
              "fail": false,
              "pending": false,
              "context": null,
              "code": "_product.default.listarProdutos();",
              "err": {},
              "uuid": "9c8404e4-369e-4ec2-9bfb-da7b65bffe70",
              "parentUUID": "be1c6639-effc-42fe-9115-ed6d0104c307",
              "isHook": false,
              "skipped": false
            },
            {
              "title": "Validar exclusão de um produto",
              "fullTitle": "CRUD Produtos Validar exclusão de um produto",
              "timedOut": null,
              "duration": 21193,
              "state": "passed",
              "speed": "slow",
              "pass": true,
              "fail": false,
              "pending": false,
              "context": null,
              "code": "_product.default.listarProdutos();\n_product.default.excluirProduto();",
              "err": {},
              "uuid": "4f522ffc-d11a-4497-a7d0-7d2a23286974",
              "parentUUID": "be1c6639-effc-42fe-9115-ed6d0104c307",
              "isHook": false,
              "skipped": false
            }
          ],
          "suites": [],
          "passes": [
            "fac13486-766b-4310-8d20-eaf23b853b0b",
            "9c8404e4-369e-4ec2-9bfb-da7b65bffe70",
            "4f522ffc-d11a-4497-a7d0-7d2a23286974"
          ],
          "failures": [],
          "pending": [],
          "skipped": [],
          "duration": 82979,
          "root": false,
          "rootEmpty": false,
          "_timeout": 2000
        }
      ],
      "passes": [],
      "failures": [],
      "pending": [],
      "skipped": [],
      "duration": 0,
      "root": true,
      "rootEmpty": true,
      "_timeout": 2000
    }
  ],
  "meta": {
    "mocha": {
      "version": "7.0.1"
    },
    "mochawesome": {
      "options": {
        "quiet": true,
        "reportFilename": "mochawesome",
        "saveHtml": false,
        "saveJson": true,
        "consoleReporter": "spec",
        "useInlineDiffs": false,
        "code": true
      },
      "version": "7.1.3"
    },
    "marge": {
      "options": {
        "id": "default",
        "reportDir": "mochawesome-report",
        "quiet": true,
        "overwrite": false,
        "html": false,
        "json": true,
        "reportTitle": "RELATÓRIO DE EXECUÇÃO DE TESTES - QA PLOOMES"
      },
      "version": "6.2.0"
    }
  }
}