{
  "stats": {
    "suites": 1,
    "tests": 4,
    "passes": 4,
    "pending": 0,
    "failures": 0,
    "start": "2023-03-02T12:36:35.098Z",
    "end": "2023-03-02T12:36:36.455Z",
    "duration": 1357,
    "testsRegistered": 4,
    "passPercent": 100,
    "pendingPercent": 0,
    "other": 0,
    "hasOther": false,
    "skipped": 0,
    "hasSkipped": false
  },
  "results": [
    {
      "uuid": "b1a97ab9-6146-414f-8885-91c8d36bb8ac",
      "title": "",
      "fullFile": "cypress/e2e/api/deals.cy.js",
      "file": "cypress/e2e/api/deals.cy.js",
      "beforeHooks": [],
      "afterHooks": [],
      "tests": [],
      "suites": [
        {
          "uuid": "eb88e8dd-21cd-4e5b-a0b3-dc370193e2ee",
          "title": "Testes (CRUD) do módulo Negócios da API Ploomes",
          "fullFile": "",
          "file": "",
          "beforeHooks": [],
          "afterHooks": [],
          "tests": [
            {
              "title": "Validar criação de um negócio",
              "fullTitle": "Testes (CRUD) do módulo Negócios da API Ploomes Validar criação de um negócio",
              "timedOut": null,
              "duration": 449,
              "state": "passed",
              "speed": "fast",
              "pass": true,
              "fail": false,
              "pending": false,
              "context": null,
              "code": "cy.postRequest('/Deals', _deals.default).then(postDealResponse => {\n  expect(postDealResponse.status).to.equal(200);\n  expect(postDealResponse.body.value[0]).to.have.property(\"Id\");\n  expect(postDealResponse.body.value[0].Title).not.to.be.empty;\n  Id = postDealResponse.body.value[0].Id;\n});",
              "err": {},
              "uuid": "d37d0dd3-b2c1-45a2-af02-572f16de13d3",
              "parentUUID": "eb88e8dd-21cd-4e5b-a0b3-dc370193e2ee",
              "isHook": false,
              "skipped": false
            },
            {
              "title": "Validar a consulta dos negócios",
              "fullTitle": "Testes (CRUD) do módulo Negócios da API Ploomes Validar a consulta dos negócios",
              "timedOut": null,
              "duration": 273,
              "state": "passed",
              "speed": "fast",
              "pass": true,
              "fail": false,
              "pending": false,
              "context": null,
              "code": "cy.getRequest('/Deals').then(getDealResponse => {\n  expect(getDealResponse.status).to.equal(200);\n  expect(getDealResponse.body).to.be.not.null;\n});",
              "err": {},
              "uuid": "09e7b32f-8041-4f1b-acf6-9a87c4b5fd49",
              "parentUUID": "eb88e8dd-21cd-4e5b-a0b3-dc370193e2ee",
              "isHook": false,
              "skipped": false
            },
            {
              "title": "Validar a edição de um negócio",
              "fullTitle": "Testes (CRUD) do módulo Negócios da API Ploomes Validar a edição de um negócio",
              "timedOut": null,
              "duration": 291,
              "state": "passed",
              "speed": "fast",
              "pass": true,
              "fail": false,
              "pending": false,
              "context": null,
              "code": "cy.patchRequest('/Deals(' + Id + ')', {\n  \"Title\": Title,\n  \"Amount\": Amount\n}).then(patchDealResponse => {\n  expect(patchDealResponse.status).to.equal(200);\n  expect(patchDealResponse.body.value[0].Title).to.equal(Title);\n  expect(patchDealResponse.body.value[0].Amount).to.equal(Amount);\n});",
              "err": {},
              "uuid": "9f5d1425-b201-4c39-8fd7-dc79643d9b39",
              "parentUUID": "eb88e8dd-21cd-4e5b-a0b3-dc370193e2ee",
              "isHook": false,
              "skipped": false
            },
            {
              "title": "Validar a exclusão de um negócio",
              "fullTitle": "Testes (CRUD) do módulo Negócios da API Ploomes Validar a exclusão de um negócio",
              "timedOut": null,
              "duration": 305,
              "state": "passed",
              "speed": "fast",
              "pass": true,
              "fail": false,
              "pending": false,
              "context": null,
              "code": "cy.deleteRequest('/Deals(' + Id + ')').then(deleteDealResponse => {\n  expect(deleteDealResponse.status).to.equal(200);\n  expect(deleteDealResponse.body).to.be.empty;\n});",
              "err": {},
              "uuid": "35400440-40e4-44c0-8e5b-6427a673e0a1",
              "parentUUID": "eb88e8dd-21cd-4e5b-a0b3-dc370193e2ee",
              "isHook": false,
              "skipped": false
            }
          ],
          "suites": [],
          "passes": [
            "d37d0dd3-b2c1-45a2-af02-572f16de13d3",
            "09e7b32f-8041-4f1b-acf6-9a87c4b5fd49",
            "9f5d1425-b201-4c39-8fd7-dc79643d9b39",
            "35400440-40e4-44c0-8e5b-6427a673e0a1"
          ],
          "failures": [],
          "pending": [],
          "skipped": [],
          "duration": 1318,
          "root": false,
          "rootEmpty": false,
          "_timeout": 2000
        }
      ],
      "passes": [],
      "failures": [],
      "pending": [],
      "skipped": [],
      "duration": 0,
      "root": true,
      "rootEmpty": true,
      "_timeout": 2000
    }
  ],
  "meta": {
    "mocha": {
      "version": "7.0.1"
    },
    "mochawesome": {
      "options": {
        "quiet": true,
        "reportFilename": "mochawesome",
        "saveHtml": false,
        "saveJson": true,
        "consoleReporter": "spec",
        "useInlineDiffs": false,
        "code": true
      },
      "version": "7.1.3"
    },
    "marge": {
      "options": {
        "id": "default",
        "reportDir": "mochawesome-report",
        "quiet": true,
        "overwrite": false,
        "html": false,
        "json": true
      },
      "version": "6.2.0"
    }
  }
}